Line 3: Could not create reference: '{EAB22AC0-30C1-11CF-A7EB-0000C05BAE0B}#1.1#0'.
Line 320: Class SHDocVwCtl.WebBrowser of control webAdvisory was not a loaded control class.
Line 326: The property name ExtentX in webAdvisory is invalid.
Line 327: The property name ExtentY in webAdvisory is invalid.
Line 328: The property name ViewMode in webAdvisory is invalid.
Line 329: The property name Offline in webAdvisory is invalid.
Line 330: The property name Silent in webAdvisory is invalid.
Line 331: The property name RegisterAsBrowser in webAdvisory is invalid.
Line 332: The property name RegisterAsDropTarget in webAdvisory is invalid.
Line 333: The property name AutoArrange in webAdvisory is invalid.
Line 334: The property name NoClientEdge in webAdvisory is invalid.
Line 335: The property name AlignLeft in webAdvisory is invalid.
Line 336: The property name NoWebView in webAdvisory is invalid.
Line 337: The property name HideFileNames in webAdvisory is invalid.
Line 338: The property name SingleClick in webAdvisory is invalid.
Line 339: The property name SingleSelection in webAdvisory is invalid.
Line 340: The property name NoFolders in webAdvisory is invalid.
Line 341: The property name Transparent in webAdvisory is invalid.
Line 342: The property name ViewID in webAdvisory is invalid.
Line 343: The property name Location in webAdvisory is invalid.
